<?xml version="1.0" encoding="UTF-8"?>
<testng-results skipped="0" failed="0" ignored="0" total="1" passed="1">
  <reporter-output>
  </reporter-output>
  <suite name="Default suite" duration-ms="10309" started-at="2019-07-23T15:07:29Z" finished-at="2019-07-23T15:07:39Z">
    <groups>
    </groups>
    <test name="Default test" duration-ms="10309" started-at="2019-07-23T15:07:29Z" finished-at="2019-07-23T15:07:39Z">
      <class name="ToolsQA.InteractionsTests">
        <test-method status="PASS" signature="setUp()[pri:0, instance:ToolsQA.InteractionsTests@293a5bf6]" name="setUp" is-config="true" duration-ms="9436" started-at="2019-07-23T15:07:29Z" finished-at="2019-07-23T15:07:38Z">
          <reporter-output>
          </reporter-output>
        </test-method> <!-- setUp -->
        <test-method status="PASS" signature="SortableTest()[pri:0, instance:ToolsQA.InteractionsTests@293a5bf6]" name="SortableTest" duration-ms="732" started-at="2019-07-23T15:07:38Z" finished-at="2019-07-23T15:07:39Z">
          <reporter-output>
          </reporter-output>
        </test-method> <!-- SortableTest -->
        <test-method status="PASS" signature="afterMethod()[pri:0, instance:ToolsQA.InteractionsTests@293a5bf6]" name="afterMethod" is-config="true" duration-ms="112" started-at="2019-07-23T15:07:39Z" finished-at="2019-07-23T15:07:39Z">
          <reporter-output>
          </reporter-output>
        </test-method> <!-- afterMethod -->
      </class> <!-- ToolsQA.InteractionsTests -->
    </test> <!-- Default test -->
  </suite> <!-- Default suite -->
</testng-results>
