<?xml version="1.0" encoding="UTF-8"?>
<testng-results skipped="0" failed="0" ignored="0" total="0" passed="0">
  <reporter-output>
  </reporter-output>
  <suite name="SeleniumJavaRailway.Kim6233.AppTest" duration-ms="9" started-at="2019-06-21T14:07:17Z" finished-at="2019-06-21T14:07:17Z">
    <groups>
    </groups>
    <test name="Command line test" duration-ms="9" started-at="2019-06-21T14:07:17Z" finished-at="2019-06-21T14:07:17Z">
    </test> <!-- Command line test -->
  </suite> <!-- SeleniumJavaRailway.Kim6233.AppTest -->
</testng-results>
